<?xml version="1.0" encoding="UTF-8"?>
<!-- Generated by org.testng.reporters.JUnitReportReporter -->
<testsuite hostname="Geetha" failures="0" tests="1" name="com.test.scripts.EmpAPIScripts" time="1.750" errors="0" timestamp="2023-07-20T18:57:14 PDT" skipped="0">
  <testcase classname="com.test.scripts.EmpAPIScripts" name="getAllEmployees" time="1.750"/>
  <system-out/>
</testsuite> <!-- com.test.scripts.EmpAPIScripts -->
